Welcome to the FSC Car Clean Simulator

**********
Day 1:
**********

10:18 AM:  VERNETTA FIORINO arrived at the FSC Car Clean and immediately started Class WW service.
10:22 AM:  The car for VERNETTA FIORINO is now finished.
           Waiting time in line: 0 minutes
           Service time: 4 minutes
           Total time: 4 minutes
10:48 AM:  DALIA WICKERSHEIM arrived at the FSC Car Clean and immediately started Class WWV service.
10:54 AM:  The car for DALIA WICKERSHEIM is now finished.
           Waiting time in line: 0 minutes
           Service time: 6 minutes
           Total time: 6 minutes
11:09 AM:  BRADLEY ESPELAND arrived at the FSC Car Clean and immediately started Class WW service.
11:13 AM:  The car for BRADLEY ESPELAND is now finished.
           Waiting time in line: 0 minutes
           Service time: 4 minutes
           Total time: 4 minutes
11:29 AM:  ROSEMARIE MALCIK arrived at the FSC Car Clean and immediately started Class W service.
11:31 AM:  The car for ROSEMARIE MALCIK is now finished.
           Waiting time in line: 0 minutes
           Service time: 2 minutes
           Total time: 2 minutes
11:57 AM:  ISIAH CATACUTAN arrived at the FSC Car Clean and immediately started Class WWV service.
12:03 PM:  The car for ISIAH CATACUTAN is now finished.
           Waiting time in line: 0 minutes
           Service time: 6 minutes
           Total time: 6 minutes
12:16 PM:  BERRY ROCKWOOD arrived at the FSC Car Clean and immediately started Class WW service.
12:20 PM:  The car for BERRY ROCKWOOD is now finished.
           Waiting time in line: 0 minutes
           Service time: 4 minutes
           Total time: 4 minutes
12:39 PM:  DESPINA JANICK arrived at the FSC Car Clean and immediately started Class W service.
12:41 PM:  The car for DESPINA JANICK is now finished.
           Waiting time in line: 0 minutes
           Service time: 2 minutes
           Total time: 2 minutes
12:57 PM:  GUILLERMINA PATIL arrived at the FSC Car Clean and immediately started Class WWV service.
 1:03 PM:  The car for GUILLERMINA PATIL is now finished.
           Waiting time in line: 0 minutes
           Service time: 6 minutes
           Total time: 6 minutes
 1:19 PM:  MARHTA ROOTS arrived at the FSC Car Clean and immediately started Class W service.
 1:21 PM:  The car for MARHTA ROOTS is now finished.
           Waiting time in line: 0 minutes
           Service time: 2 minutes
           Total time: 2 minutes
 1:47 PM:  BARBAR VANHUSS arrived at the FSC Car Clean and immediately started Class WW service.
 1:51 PM:  The car for BARBAR VANHUSS is now finished.
           Waiting time in line: 0 minutes
           Service time: 4 minutes
           Total time: 4 minutes
 2:14 PM:  RUBEN KUNICKI arrived at the FSC Car Clean and immediately started Class W service.
 2:16 PM:  The car for RUBEN KUNICKI is now finished.
           Waiting time in line: 0 minutes
           Service time: 2 minutes
           Total time: 2 minutes
 4:00 PM:  LOWLY Minion came and collected the following vouchers:
           RUBEN KUNICKI (1258308)
           BARBAR VANHUSS (1262482)
           MARHTA ROOTS (1260743)
           GUILLERMINA PATIL (1259943)
           DESPINA JANICK (1257763)
           BERRY ROCKWOOD (1260685)
           ISIAH CATACUTAN (1254773)
           ROSEMARIE MALCIK (1258850)
           BRADLEY ESPELAND (1256042)
           DALIA WICKERSHEIM (1262823)
           VERNETTA FIORINO (1256256)


**********
Day 2:
**********

10:00 AM:  PHYLIS TORTORICE arrived at the FSC Car Clean and immediately started Class W service.
10:02 AM:  The car for PHYLIS TORTORICE is now finished.
           Waiting time in line: 0 minutes
           Service time: 2 minutes
           Total time: 2 minutes
10:20 AM:  DIANNE DRUMGO arrived at the FSC Car Clean and immediately started Class WW service.
10:25 AM:  The car for DIANNE DRUMGO is now finished.
           Waiting time in line: 0 minutes
           Service time: 5 minutes
           Total time: 5 minutes
10:37 AM:  DIEGO SHERIEF arrived at the FSC Car Clean and immediately started Class W service.
10:39 AM:  The car for DIEGO SHERIEF is now finished.
           Waiting time in line: 0 minutes
           Service time: 2 minutes
           Total time: 2 minutes
10:55 AM:  LINDSAY SUE arrived at the FSC Car Clean and immediately started Class WW service.
11:00 AM:  The car for LINDSAY SUE is now finished.
           Waiting time in line: 0 minutes
           Service time: 5 minutes
           Total time: 5 minutes
11:15 AM:  NAOMI KOLUPKE arrived at the FSC Car Clean and immediately started Class W service.
11:17 AM:  The car for NAOMI KOLUPKE is now finished.
           Waiting time in line: 0 minutes
           Service time: 2 minutes
           Total time: 2 minutes
11:29 AM:  MARIELLE BATHURST arrived at the FSC Car Clean and immediately started Class WW service.
11:34 AM:  The car for MARIELLE BATHURST is now finished.
           Waiting time in line: 0 minutes
           Service time: 5 minutes
           Total time: 5 minutes
11:51 AM:  HUI WIKLUND arrived at the FSC Car Clean and immediately started Class WW service.
11:56 AM:  The car for HUI WIKLUND is now finished.
           Waiting time in line: 0 minutes
           Service time: 5 minutes
           Total time: 5 minutes
12:14 PM:  JESSIKA MINION arrived at the FSC Car Clean and immediately started Class WW service.
12:19 PM:  The car for JESSIKA MINION is now finished.
           Waiting time in line: 0 minutes
           Service time: 5 minutes
           Total time: 5 minutes
12:27 PM:  VENICE RAWHOOF arrived at the FSC Car Clean and immediately started Class WW service.
12:27 PM:  GERMAINE BALTIMORE arrived at the FSC Car Clean and entered Wash Queue.
12:32 PM:  The car for VENICE RAWHOOF is now finished.
           Waiting time in line: 0 minutes
           Service time: 5 minutes
           Total time: 5 minutes
12:32 PM:  GERMAINE BALTIMORE has now started Class WW service.
12:37 PM:  The car for GERMAINE BALTIMORE is now finished.
           Waiting time in line: 5 minutes
           Service time: 5 minutes
           Total time: 10 minutes
12:41 PM:  SHANA SUFFRIDGE arrived at the FSC Car Clean and immediately started Class WW service.
12:46 PM:  The car for SHANA SUFFRIDGE is now finished.
           Waiting time in line: 0 minutes
           Service time: 5 minutes
           Total time: 5 minutes
12:55 PM:  CONSUELO LEYENDECKER arrived at the FSC Car Clean and immediately started Class WWV service.
 1:02 PM:  The car for CONSUELO LEYENDECKER is now finished.
           Waiting time in line: 0 minutes
           Service time: 7 minutes
           Total time: 7 minutes
 1:12 PM:  TRINIDAD WALPER arrived at the FSC Car Clean and immediately started Class WW service.
 1:12 PM:  BRIGITTE CARAVEO arrived at the FSC Car Clean and entered Wash Queue.
 1:17 PM:  The car for TRINIDAD WALPER is now finished.
           Waiting time in line: 0 minutes
           Service time: 5 minutes
           Total time: 5 minutes
 1:17 PM:  BRIGITTE CARAVEO has now started Class W service.
 1:19 PM:  The car for BRIGITTE CARAVEO is now finished.
           Waiting time in line: 5 minutes
           Service time: 2 minutes
           Total time: 7 minutes
 4:00 PM:  LOWLY Minion came and collected the following vouchers:
           BRIGITTE CARAVEO (1254690)
           TRINIDAD WALPER (1262673)
           CONSUELO LEYENDECKER (1258560)
           SHANA SUFFRIDGE (1261926)
           GERMAINE BALTIMORE (1253728)
           VENICE RAWHOOF (1260497)
           JESSIKA MINION (1259342)
           HUI WIKLUND (1262838)
           MARIELLE BATHURST (1253812)
           NAOMI KOLUPKE (1258183)
           LINDSAY SUE (1261919)
           DIEGO SHERIEF (1261385)
           DIANNE DRUMGO (1255781)
           PHYLIS TORTORICE (1262218)


**********
Day 3:
**********

10:20 AM:  CARROL SMUTZ arrived at the FSC Car Clean and immediately started Class WWV service.
10:20 AM:  LUDIVINA SKAR arrived at the FSC Car Clean and entered Wash Queue.
10:27 AM:  The car for CARROL SMUTZ is now finished.
           Waiting time in line: 0 minutes
           Service time: 7 minutes
           Total time: 7 minutes
10:27 AM:  LUDIVINA SKAR has now started Class WW service.
10:31 AM:  The car for LUDIVINA SKAR is now finished.
           Waiting time in line: 7 minutes
           Service time: 4 minutes
           Total time: 11 minutes
10:39 AM:  EDMUNDO YORCK arrived at the FSC Car Clean and immediately started Class W service.
10:41 AM:  The car for EDMUNDO YORCK is now finished.
           Waiting time in line: 0 minutes
           Service time: 2 minutes
           Total time: 2 minutes
11:00 AM:  NADINE HALLMAN arrived at the FSC Car Clean and immediately started Class WWV service.
11:07 AM:  The car for NADINE HALLMAN is now finished.
           Waiting time in line: 0 minutes
           Service time: 7 minutes
           Total time: 7 minutes
11:22 AM:  ANIBAL GERLT arrived at the FSC Car Clean and immediately started Class WWV service.
11:29 AM:  The car for ANIBAL GERLT is now finished.
           Waiting time in line: 0 minutes
           Service time: 7 minutes
           Total time: 7 minutes
11:35 AM:  RENE NORDSTROM arrived at the FSC Car Clean and immediately started Class WWV service.
11:42 AM:  The car for RENE NORDSTROM is now finished.
           Waiting time in line: 0 minutes
           Service time: 7 minutes
           Total time: 7 minutes
11:52 AM:  BIBI SASAHARA arrived at the FSC Car Clean and immediately started Class WW service.
11:52 AM:  NONA HALMAN arrived at the FSC Car Clean and entered Wash Queue.
11:52 AM:  HANG PETULA arrived at the FSC Car Clean and entered Wash Queue.
11:52 AM:  SAMUAL TWIDWELL arrived at the FSC Car Clean and entered Wash Queue.
11:56 AM:  The car for BIBI SASAHARA is now finished.
           Waiting time in line: 0 minutes
           Service time: 4 minutes
           Total time: 4 minutes
11:56 AM:  NONA HALMAN has now started Class WW service.
12:00 PM:  The car for NONA HALMAN is now finished.
           Waiting time in line: 4 minutes
           Service time: 4 minutes
           Total time: 8 minutes
12:00 PM:  HANG PETULA has now started Class WWV service.
12:07 PM:  The car for HANG PETULA is now finished.
           Waiting time in line: 8 minutes
           Service time: 7 minutes
           Total time: 15 minutes
12:07 PM:  SAMUAL TWIDWELL has now started Class WW service.
12:10 PM:  YAEL FRISHKORN arrived at the FSC Car Clean and entered Wash Queue.
12:11 PM:  The car for SAMUAL TWIDWELL is now finished.
           Waiting time in line: 15 minutes
           Service time: 4 minutes
           Total time: 19 minutes
12:11 PM:  YAEL FRISHKORN has now started Class W service.
12:13 PM:  The car for YAEL FRISHKORN is now finished.
           Waiting time in line: 1 minutes
           Service time: 2 minutes
           Total time: 3 minutes
12:23 PM:  ANNAMARIE BANKES arrived at the FSC Car Clean and immediately started Class WWV service.
12:30 PM:  The car for ANNAMARIE BANKES is now finished.
           Waiting time in line: 0 minutes
           Service time: 7 minutes
           Total time: 7 minutes
12:45 PM:  LYNETTE STUKEL arrived at the FSC Car Clean and immediately started Class WWV service.
12:52 PM:  The car for LYNETTE STUKEL is now finished.
           Waiting time in line: 0 minutes
           Service time: 7 minutes
           Total time: 7 minutes
 4:00 PM:  LOWLY Minion came and collected the following vouchers:
           LYNETTE STUKEL (1261895)
           ANNAMARIE BANKES (1253743)
           YAEL FRISHKORN (1256461)
           SAMUAL TWIDWELL (1262348)
           HANG PETULA (1260095)
           NONA HALMAN (1257135)
           BIBI SASAHARA (1260999)
           RENE NORDSTROM (1259677)
           ANIBAL GERLT (1256645)
           NADINE HALLMAN (1257131)
           EDMUNDO YORCK (1263047)
           LUDIVINA SKAR (1261483)
           CARROL SMUTZ (1261539)


**********
Day 4:
**********

10:00 AM:  CHARITA SIPTAK arrived at the FSC Car Clean and immediately started Class WW service.
10:06 AM:  The car for CHARITA SIPTAK is now finished.
           Waiting time in line: 0 minutes
           Service time: 6 minutes
           Total time: 6 minutes
10:14 AM:  VERONICA GORCZYCA arrived at the FSC Car Clean and immediately started Class WW service.
10:14 AM:  ALTHEA DANFORTH arrived at the FSC Car Clean and entered Wash Queue.
10:14 AM:  ESTELLE ZIRBEL arrived at the FSC Car Clean and entered Wash Queue.
10:20 AM:  The car for VERONICA GORCZYCA is now finished.
           Waiting time in line: 0 minutes
           Service time: 6 minutes
           Total time: 6 minutes
10:20 AM:  ALTHEA DANFORTH has now started Class W service.
10:23 AM:  The car for ALTHEA DANFORTH is now finished.
           Waiting time in line: 6 minutes
           Service time: 3 minutes
           Total time: 9 minutes
10:23 AM:  ESTELLE ZIRBEL has now started Class WWV service.
10:27 AM:  LISHA MUSSELMAN arrived at the FSC Car Clean and entered Wash Queue.
10:32 AM:  The car for ESTELLE ZIRBEL is now finished.
           Waiting time in line: 9 minutes
           Service time: 9 minutes
           Total time: 18 minutes
10:32 AM:  LISHA MUSSELMAN has now started Class W service.
10:35 AM:  The car for LISHA MUSSELMAN is now finished.
           Waiting time in line: 5 minutes
           Service time: 3 minutes
           Total time: 8 minutes
10:46 AM:  ATHENA PERRI arrived at the FSC Car Clean and immediately started Class WWV service.
10:46 AM:  ANGELYN WASHELL arrived at the FSC Car Clean and entered Wash Queue.
10:55 AM:  The car for ATHENA PERRI is now finished.
           Waiting time in line: 0 minutes
           Service time: 9 minutes
           Total time: 9 minutes
10:55 AM:  ANGELYN WASHELL has now started Class WW service.
10:58 AM:  TRINIDAD THEISEN arrived at the FSC Car Clean and entered Wash Queue.
11:01 AM:  The car for ANGELYN WASHELL is now finished.
           Waiting time in line: 9 minutes
           Service time: 6 minutes
           Total time: 15 minutes
11:01 AM:  TRINIDAD THEISEN has now started Class WWV service.
11:09 AM:  DIANE CHARTIER arrived at the FSC Car Clean and entered Wash Queue.
11:10 AM:  The car for TRINIDAD THEISEN is now finished.
           Waiting time in line: 3 minutes
           Service time: 9 minutes
           Total time: 12 minutes
11:10 AM:  DIANE CHARTIER has now started Class W service.
11:13 AM:  The car for DIANE CHARTIER is now finished.
           Waiting time in line: 1 minutes
           Service time: 3 minutes
           Total time: 4 minutes
11:21 AM:  KORY FARDO arrived at the FSC Car Clean and immediately started Class W service.
11:21 AM:  NATHAN DEMAIRE arrived at the FSC Car Clean and entered Wash Queue.
11:24 AM:  The car for KORY FARDO is now finished.
           Waiting time in line: 0 minutes
           Service time: 3 minutes
           Total time: 3 minutes
11:24 AM:  NATHAN DEMAIRE has now started Class W service.
11:27 AM:  The car for NATHAN DEMAIRE is now finished.
           Waiting time in line: 3 minutes
           Service time: 3 minutes
           Total time: 6 minutes
11:36 AM:  AMIE HILLHOUSE arrived at the FSC Car Clean and immediately started Class W service.
11:36 AM:  SERINA SUHR arrived at the FSC Car Clean and entered Wash Queue.
11:36 AM:  HYUN CERQUEIRA arrived at the FSC Car Clean and entered Wash Queue.
11:39 AM:  The car for AMIE HILLHOUSE is now finished.
           Waiting time in line: 0 minutes
           Service time: 3 minutes
           Total time: 3 minutes
11:39 AM:  SERINA SUHR has now started Class W service.
11:42 AM:  The car for SERINA SUHR is now finished.
           Waiting time in line: 3 minutes
           Service time: 3 minutes
           Total time: 6 minutes
11:42 AM:  HYUN CERQUEIRA has now started Class W service.
11:45 AM:  The car for HYUN CERQUEIRA is now finished.
           Waiting time in line: 6 minutes
           Service time: 3 minutes
           Total time: 9 minutes
11:54 AM:  JENE BEVILAQUA arrived at the FSC Car Clean and immediately started Class WWV service.
12:03 PM:  The car for JENE BEVILAQUA is now finished.
           Waiting time in line: 0 minutes
           Service time: 9 minutes
           Total time: 9 minutes
12:04 PM:  VALENTINE BRIDGETT arrived at the FSC Car Clean and immediately started Class WWV service.
12:13 PM:  The car for VALENTINE BRIDGETT is now finished.
           Waiting time in line: 0 minutes
           Service time: 9 minutes
           Total time: 9 minutes
12:16 PM:  ANDERA CURT arrived at the FSC Car Clean and immediately started Class W service.
12:16 PM:  KATHERN SAMPICA arrived at the FSC Car Clean and entered Wash Queue.
12:19 PM:  The car for ANDERA CURT is now finished.
           Waiting time in line: 0 minutes
           Service time: 3 minutes
           Total time: 3 minutes
12:19 PM:  KATHERN SAMPICA has now started Class WW service.
12:25 PM:  The car for KATHERN SAMPICA is now finished.
           Waiting time in line: 3 minutes
           Service time: 6 minutes
           Total time: 9 minutes
 4:00 PM:  LOWLY Minion came and collected the following vouchers:
           KATHERN SAMPICA (1260938)
           ANDERA CURT (1255254)
           VALENTINE BRIDGETT (1254428)
           JENE BEVILAQUA (1254040)
           HYUN CERQUEIRA (1254852)
           SERINA SUHR (1261932)
           AMIE HILLHOUSE (1257447)
           NATHAN DEMAIRE (1255464)
           KORY FARDO (1256101)
           DIANE CHARTIER (1254916)
           TRINIDAD THEISEN (1262140)
           ANGELYN WASHELL (1262699)
           ATHENA PERRI (1260034)
           LISHA MUSSELMAN (1259507)
           ESTELLE ZIRBEL (1263176)
           ALTHEA DANFORTH (1255311)
           VERONICA GORCZYCA (1256836)
           CHARITA SIPTAK (1261451)


