Welcome to the FSC Car Clean Simulator

**********
Day 1:
**********

10:36 AM:  FREIDA PARNES arrived at the FSC Car Clean and immediately started Class WWV service.
10:43 AM:  The car for FREIDA PARNES is now finished.
           Waiting time in line: 0 minutes
           Service time: 7 minutes
           Total time: 7 minutes
11:01 AM:  JEAN SENZ arrived at the FSC Car Clean and immediately started Class WWV service.
11:08 AM:  The car for JEAN SENZ is now finished.
           Waiting time in line: 0 minutes
           Service time: 7 minutes
           Total time: 7 minutes
11:28 AM:  CLARIS WHYTE arrived at the FSC Car Clean and immediately started Class WW service.
11:33 AM:  The car for CLARIS WHYTE is now finished.
           Waiting time in line: 0 minutes
           Service time: 5 minutes
           Total time: 5 minutes
12:06 PM:  JONG BEESE arrived at the FSC Car Clean and immediately started Class W service.
12:08 PM:  The car for JONG BEESE is now finished.
           Waiting time in line: 0 minutes
           Service time: 2 minutes
           Total time: 2 minutes
12:46 PM:  LAURENA GILCRIS arrived at the FSC Car Clean and immediately started Class WWV service.
12:53 PM:  The car for LAURENA GILCRIS is now finished.
           Waiting time in line: 0 minutes
           Service time: 7 minutes
           Total time: 7 minutes
 1:09 PM:  LAKESHA PEDUZZI arrived at the FSC Car Clean and immediately started Class W service.
 1:11 PM:  The car for LAKESHA PEDUZZI is now finished.
           Waiting time in line: 0 minutes
           Service time: 2 minutes
           Total time: 2 minutes
 1:50 PM:  ANASTACIA MICCO arrived at the FSC Car Clean and immediately started Class W service.
 1:52 PM:  The car for ANASTACIA MICCO is now finished.
           Waiting time in line: 0 minutes
           Service time: 2 minutes
           Total time: 2 minutes
 2:20 PM:  TANDRA SOKOL arrived at the FSC Car Clean and immediately started Class WW service.
 2:25 PM:  The car for TANDRA SOKOL is now finished.
           Waiting time in line: 0 minutes
           Service time: 5 minutes
           Total time: 5 minutes
 4:00 PM:  LOWLY Minion came and collected the following vouchers:
           TANDRA SOKOL (1261607)
           ANASTACIA MICCO (1259222)
           LAKESHA PEDUZZI (1260127)
           LAURENA GILCRIS (1256416)
           JONG BEESE (1253934)
           CLARIS WHYTE (1263063)
           JEAN SENZ (1261340)
           FREIDA PARNES (1260050)


**********
Day 2:
**********

10:31 AM:  CELENA FLATT arrived at the FSC Car Clean and immediately started Class WW service.
10:37 AM:  The car for CELENA FLATT is now finished.
           Waiting time in line: 0 minutes
           Service time: 6 minutes
           Total time: 6 minutes
10:58 AM:  EDDA KARVIS arrived at the FSC Car Clean and immediately started Class WWV service.
11:07 AM:  The car for EDDA KARVIS is now finished.
           Waiting time in line: 0 minutes
           Service time: 9 minutes
           Total time: 9 minutes
11:24 AM:  TRESSA STUDENT arrived at the FSC Car Clean and immediately started Class W service.
11:27 AM:  The car for TRESSA STUDENT is now finished.
           Waiting time in line: 0 minutes
           Service time: 3 minutes
           Total time: 3 minutes
11:46 AM:  STEPHEN PIERCY arrived at the FSC Car Clean and immediately started Class WWV service.
11:46 AM:  MEREDITH VANSTONE arrived at the FSC Car Clean and entered Wash Queue.
11:55 AM:  The car for STEPHEN PIERCY is now finished.
           Waiting time in line: 0 minutes
           Service time: 9 minutes
           Total time: 9 minutes
11:55 AM:  MEREDITH VANSTONE has now started Class W service.
11:58 AM:  The car for MEREDITH VANSTONE is now finished.
           Waiting time in line: 9 minutes
           Service time: 3 minutes
           Total time: 12 minutes
12:09 PM:  TENNILLE COURVILLE arrived at the FSC Car Clean and immediately started Class WWV service.
12:18 PM:  The car for TENNILLE COURVILLE is now finished.
           Waiting time in line: 0 minutes
           Service time: 9 minutes
           Total time: 9 minutes
12:30 PM:  SUSAN BURDITT arrived at the FSC Car Clean and immediately started Class W service.
12:33 PM:  The car for SUSAN BURDITT is now finished.
           Waiting time in line: 0 minutes
           Service time: 3 minutes
           Total time: 3 minutes
12:54 PM:  EVELIN CABREJA arrived at the FSC Car Clean and immediately started Class W service.
12:57 PM:  The car for EVELIN CABREJA is now finished.
           Waiting time in line: 0 minutes
           Service time: 3 minutes
           Total time: 3 minutes
 1:10 PM:  TINY MAK arrived at the FSC Car Clean and immediately started Class W service.
 1:13 PM:  The car for TINY MAK is now finished.
           Waiting time in line: 0 minutes
           Service time: 3 minutes
           Total time: 3 minutes
 1:41 PM:  BEA REBICK arrived at the FSC Car Clean and immediately started Class W service.
 1:44 PM:  The car for BEA REBICK is now finished.
           Waiting time in line: 0 minutes
           Service time: 3 minutes
           Total time: 3 minutes
 1:57 PM:  ESTELA BOENEKE arrived at the FSC Car Clean and immediately started Class WWV service.
 2:06 PM:  The car for ESTELA BOENEKE is now finished.
           Waiting time in line: 0 minutes
           Service time: 9 minutes
           Total time: 9 minutes
 4:00 PM:  LOWLY Minion came and collected the following vouchers:
           ESTELA BOENEKE (1254185)
           BEA REBICK (1260626)
           TINY MAK (1258767)
           EVELIN CABREJA (1254567)
           SUSAN BURDITT (1254497)
           TENNILLE COURVILLE (1255070)
           MEREDITH VANSTONE (1262638)
           STEPHEN PIERCY (1260289)
           TRESSA STUDENT (1261986)
           EDDA KARVIS (1257611)
           CELENA FLATT (1256064)


